Using pre-set license
Built from '2021.1/staging' branch; Version is '2021.1.3f1 (4bef613afd59) revision 4976481'; Using compiler version '192528614'; Build Type 'Release'
OS: 'Windows 10 Home; OS build 19042.928; Version 2009; 64bit' Language: 'en' Physical Memory: 16340 MB
BatchMode: 1, IsHumanControllingUs: 0, StartBugReporterOnCrash: 0, Is64bit: 1, IsPro: 0

 COMMAND LINE ARGUMENTS:
B:\Program Files\unity path\2021.1.3f1\Editor\Unity.exe
-adb2
-batchMode
-noUpm
-name
AssetImportWorker0
-projectPath
B:/SCHOOL/AL/Sem_8/prog_jeux/TP/TP_final/Workspace/projetFinalUnity/jeuFeltonBourgoin
-logFile
Logs/AssetImportWorker0.log
-srvPort
53110
Successfully changed project path to: B:/SCHOOL/AL/Sem_8/prog_jeux/TP/TP_final/Workspace/projetFinalUnity/jeuFeltonBourgoin
B:/SCHOOL/AL/Sem_8/prog_jeux/TP/TP_final/Workspace/projetFinalUnity/jeuFeltonBourgoin
Using Asset Import Pipeline V2.
Refreshing native plugins compatible for Editor in 61.30 ms, found 1 plugins.
Preloading 0 native plugins for Editor in 0.00 ms.
Initialize engine version: 2021.1.3f1 (4bef613afd59)
[Subsystems] Discovering subsystems at path B:/Program Files/unity path/2021.1.3f1/Editor/Data/Resources/UnitySubsystems
[Subsystems] Discovering subsystems at path B:/SCHOOL/AL/Sem_8/prog_jeux/TP/TP_final/Workspace/projetFinalUnity/jeuFeltonBourgoin/Assets
GfxDevice: creating device client; threaded=0; jobified=0
Direct3D:
    Version:  Direct3D 11.0 [level 11.1]
    Renderer: NVIDIA GeForce GTX 1060 (ID=0x1c60)
    Vendor:   NVIDIA
    VRAM:     6052 MB
    Driver:   27.21.14.6627
Initialize mono
Mono path[0] = 'B:/Program Files/unity path/2021.1.3f1/Editor/Data/Managed'
Mono path[1] = 'B:/Program Files/unity path/2021.1.3f1/Editor/Data/MonoBleedingEdge/lib/mono/unityjit'
Mono config path = 'B:/Program Files/unity path/2021.1.3f1/Editor/Data/MonoBleedingEdge/etc'
Using monoOptions --debugger-agent=transport=dt_socket,embedding=1,server=y,suspend=n,address=127.0.0.1:56132
Begin MonoManager ReloadAssembly
Registering precompiled unity dll's ...
Register platform support module: B:/Program Files/unity path/2021.1.3f1/Editor/Data/PlaybackEngines/WindowsStandaloneSupport/UnityEditor.WindowsStandalone.Extensions.dll
Registered in 0.001306 seconds.
Native extension for WindowsStandalone target not found
Refreshing native plugins compatible for Editor in 83.55 ms, found 1 plugins.
Preloading 0 native plugins for Editor in 0.00 ms.
Mono: successfully reloaded assembly
- Completed reload, in  1.765 seconds
Platform modules already initialized, skipping
Registering precompiled user dll's ...
Registered in 0.001675 seconds.
Begin MonoManager ReloadAssembly
Native extension for WindowsStandalone target not found
Refreshing native plugins compatible for Editor in 66.42 ms, found 1 plugins.
Preloading 0 native plugins for Editor in 0.00 ms.
Mono: successfully reloaded assembly
- Completed reload, in  3.366 seconds
Platform modules already initialized, skipping
========================================================================
Worker process is ready to serve import requests
Launched and connected shader compiler UnityShaderCompiler.exe after 0.14 seconds
Refreshing native plugins compatible for Editor in 0.70 ms, found 1 plugins.
Preloading 0 native plugins for Editor in 0.00 ms.
Unloading 2004 Unused Serialized files (Serialized files now loaded: 0)
System memory in use before: 95.8 MB.
System memory in use after: 95.9 MB.

Unloading 20 unused Assets to reduce memory usage. Loaded Objects now: 2465.
Total: 5.209600 ms (FindLiveObjects: 0.448200 ms CreateObjectMapping: 0.320000 ms MarkObjects: 4.310300 ms  DeleteObjects: 0.127800 ms)

========================================================================
Received Import Request.
  path: Assets/Scripts
  artifactKey: Guid(846bb5b123101b24d8d18bfe89e74ad4) Importer(815301076,1909f56bfc062723c751e8b465ee728b)
Start importing Assets/Scripts using Guid(846bb5b123101b24d8d18bfe89e74ad4) Importer(815301076,1909f56bfc062723c751e8b465ee728b)  -> (artifact id: 'f03fbe10176694c8706d9ea1c2b09bc4') in 0.011626 seconds 
========================================================================
Received Import Request.
  Time since last request: 22.885384 seconds.
  path: Assets/Scripts/GameManager.cs
  artifactKey: Guid(ce0c63011bc65e341808304e7fc98a55) Importer(815301076,1909f56bfc062723c751e8b465ee728b)
Start importing Assets/Scripts/GameManager.cs using Guid(ce0c63011bc65e341808304e7fc98a55) Importer(815301076,1909f56bfc062723c751e8b465ee728b)  -> (artifact id: '86d4b9e42adcc040d6a0186f068dc8cd') in 0.040844 seconds 
========================================================================
Received Prepare
Registering precompiled user dll's ...
Registered in 0.003824 seconds.
Begin MonoManager ReloadAssembly
Native extension for WindowsStandalone target not found
Refreshing native plugins compatible for Editor in 0.91 ms, found 1 plugins.
Preloading 0 native plugins for Editor in 0.00 ms.
Mono: successfully reloaded assembly
- Completed reload, in  3.250 seconds
Platform modules already initialized, skipping
Refreshing native plugins compatible for Editor in 0.85 ms, found 1 plugins.
Preloading 0 native plugins for Editor in 0.00 ms.
Unloading 1980 Unused Serialized files (Serialized files now loaded: 0)
System memory in use before: 93.8 MB.
System memory in use after: 94.0 MB.

Unloading 8 unused Assets to reduce memory usage. Loaded Objects now: 2470.
Total: 4.425700 ms (FindLiveObjects: 0.292400 ms CreateObjectMapping: 0.165900 ms MarkObjects: 3.931200 ms  DeleteObjects: 0.033600 ms)

========================================================================
Received Import Request.
  Time since last request: 183.090136 seconds.
  path: Assets/Scripts/GameManager.cs
  artifactKey: Guid(ce0c63011bc65e341808304e7fc98a55) Importer(815301076,1909f56bfc062723c751e8b465ee728b)
Start importing Assets/Scripts/GameManager.cs using Guid(ce0c63011bc65e341808304e7fc98a55) Importer(815301076,1909f56bfc062723c751e8b465ee728b)  -> (artifact id: 'c50ffda2e2104d152a9e2fc78f5485fc') in 0.007954 seconds 
========================================================================
Received Prepare
Registering precompiled user dll's ...
Registered in 0.001677 seconds.
Begin MonoManager ReloadAssembly
Native extension for WindowsStandalone target not found
Refreshing native plugins compatible for Editor in 0.58 ms, found 1 plugins.
Preloading 0 native plugins for Editor in 0.00 ms.
Mono: successfully reloaded assembly
- Completed reload, in  1.125 seconds
Platform modules already initialized, skipping
Refreshing native plugins compatible for Editor in 0.61 ms, found 1 plugins.
Preloading 0 native plugins for Editor in 0.00 ms.
Unloading 1980 Unused Serialized files (Serialized files now loaded: 0)
System memory in use before: 93.9 MB.
System memory in use after: 94.0 MB.

Unloading 8 unused Assets to reduce memory usage. Loaded Objects now: 2474.
Total: 2.876200 ms (FindLiveObjects: 0.538500 ms CreateObjectMapping: 0.126800 ms MarkObjects: 2.158600 ms  DeleteObjects: 0.050700 ms)

========================================================================
Received Import Request.
  Time since last request: 256.431225 seconds.
  path: Assets/Scenes/World1.unity
  artifactKey: Guid(2cda990e2423bbf4892e6590ba056729) Importer(815301076,1909f56bfc062723c751e8b465ee728b)
Start importing Assets/Scenes/World1.unity using Guid(2cda990e2423bbf4892e6590ba056729) Importer(815301076,1909f56bfc062723c751e8b465ee728b)  -> (artifact id: '89c5424166932363395c4984607e362d') in 0.022726 seconds 
========================================================================
Received Import Request.
  Time since last request: 0.332137 seconds.
  path: Assets/Scenes/world2.unity
  artifactKey: Guid(d886b57aa0a313a40b8b75346ab2a629) Importer(815301076,1909f56bfc062723c751e8b465ee728b)
Start importing Assets/Scenes/world2.unity using Guid(d886b57aa0a313a40b8b75346ab2a629) Importer(815301076,1909f56bfc062723c751e8b465ee728b)  -> (artifact id: '6fdc8e17e395bd91d3996a1f7db36f93') in 0.010295 seconds 
========================================================================
Received Prepare
Registering precompiled user dll's ...
Registered in 0.003456 seconds.
Begin MonoManager ReloadAssembly
Native extension for WindowsStandalone target not found
Refreshing native plugins compatible for Editor in 1.36 ms, found 1 plugins.
Preloading 0 native plugins for Editor in 0.00 ms.
Mono: successfully reloaded assembly
- Completed reload, in  1.250 seconds
Platform modules already initialized, skipping
Refreshing native plugins compatible for Editor in 1.35 ms, found 1 plugins.
Preloading 0 native plugins for Editor in 0.00 ms.
Unloading 1980 Unused Serialized files (Serialized files now loaded: 0)
System memory in use before: 93.9 MB.
System memory in use after: 94.0 MB.

Unloading 8 unused Assets to reduce memory usage. Loaded Objects now: 2478.
Total: 2.678400 ms (FindLiveObjects: 0.288700 ms CreateObjectMapping: 0.089000 ms MarkObjects: 2.281300 ms  DeleteObjects: 0.018100 ms)

========================================================================
Received Prepare
Registering precompiled user dll's ...
Registered in 0.001830 seconds.
Begin MonoManager ReloadAssembly
Native extension for WindowsStandalone target not found
Refreshing native plugins compatible for Editor in 0.60 ms, found 1 plugins.
Preloading 0 native plugins for Editor in 0.00 ms.
Mono: successfully reloaded assembly
- Completed reload, in  1.145 seconds
Platform modules already initialized, skipping
Refreshing native plugins compatible for Editor in 0.60 ms, found 1 plugins.
Preloading 0 native plugins for Editor in 0.00 ms.
Unloading 1980 Unused Serialized files (Serialized files now loaded: 0)
System memory in use before: 93.9 MB.
System memory in use after: 94.1 MB.

Unloading 8 unused Assets to reduce memory usage. Loaded Objects now: 2482.
Total: 3.028700 ms (FindLiveObjects: 0.291400 ms CreateObjectMapping: 0.160400 ms MarkObjects: 2.553900 ms  DeleteObjects: 0.021400 ms)

========================================================================
Received Prepare
Registering precompiled user dll's ...
Registered in 0.001617 seconds.
Begin MonoManager ReloadAssembly
Native extension for WindowsStandalone target not found
Refreshing native plugins compatible for Editor in 0.55 ms, found 1 plugins.
Preloading 0 native plugins for Editor in 0.00 ms.
Mono: successfully reloaded assembly
- Completed reload, in  1.274 seconds
Platform modules already initialized, skipping
Refreshing native plugins compatible for Editor in 0.48 ms, found 1 plugins.
Preloading 0 native plugins for Editor in 0.00 ms.
Unloading 1980 Unused Serialized files (Serialized files now loaded: 0)
System memory in use before: 93.9 MB.
System memory in use after: 94.1 MB.

Unloading 8 unused Assets to reduce memory usage. Loaded Objects now: 2486.
Total: 3.003900 ms (FindLiveObjects: 0.594000 ms CreateObjectMapping: 0.314600 ms MarkObjects: 2.076700 ms  DeleteObjects: 0.017300 ms)

========================================================================
Received Prepare
Registering precompiled user dll's ...
Registered in 0.002023 seconds.
Begin MonoManager ReloadAssembly
Native extension for WindowsStandalone target not found
Refreshing native plugins compatible for Editor in 0.48 ms, found 1 plugins.
Preloading 0 native plugins for Editor in 0.00 ms.
Mono: successfully reloaded assembly
- Completed reload, in  1.077 seconds
Platform modules already initialized, skipping
Refreshing native plugins compatible for Editor in 0.61 ms, found 1 plugins.
Preloading 0 native plugins for Editor in 0.00 ms.
Unloading 1980 Unused Serialized files (Serialized files now loaded: 0)
System memory in use before: 94.0 MB.
System memory in use after: 94.1 MB.

Unloading 8 unused Assets to reduce memory usage. Loaded Objects now: 2490.
Total: 3.054700 ms (FindLiveObjects: 0.324300 ms CreateObjectMapping: 0.171300 ms MarkObjects: 2.531800 ms  DeleteObjects: 0.025600 ms)

========================================================================
Received Prepare
Registering precompiled user dll's ...
Registered in 0.001758 seconds.
Begin MonoManager ReloadAssembly
Native extension for WindowsStandalone target not found
Refreshing native plugins compatible for Editor in 0.54 ms, found 1 plugins.
Preloading 0 native plugins for Editor in 0.00 ms.
Mono: successfully reloaded assembly
- Completed reload, in  1.034 seconds
Platform modules already initialized, skipping
Refreshing native plugins compatible for Editor in 0.48 ms, found 1 plugins.
Preloading 0 native plugins for Editor in 0.00 ms.
Unloading 1980 Unused Serialized files (Serialized files now loaded: 0)
System memory in use before: 94.0 MB.
System memory in use after: 94.1 MB.

Unloading 8 unused Assets to reduce memory usage. Loaded Objects now: 2494.
Total: 2.899800 ms (FindLiveObjects: 0.333100 ms CreateObjectMapping: 0.174100 ms MarkObjects: 2.375000 ms  DeleteObjects: 0.016100 ms)

========================================================================
Received Import Request.
  Time since last request: 1597.589071 seconds.
  path: Assets/Scripts/PlayerScript.cs
  artifactKey: Guid(cdc3df65177464e44893037781adc8f6) Importer(815301076,1909f56bfc062723c751e8b465ee728b)
Start importing Assets/Scripts/PlayerScript.cs using Guid(cdc3df65177464e44893037781adc8f6) Importer(815301076,1909f56bfc062723c751e8b465ee728b)  -> (artifact id: '733d22438768a4e47caa714d76a0a9a2') in 0.012370 seconds 
========================================================================
Received Import Request.
  Time since last request: 258.000626 seconds.
  path: Assets/Scripts/PlayerScript.cs
  artifactKey: Guid(cdc3df65177464e44893037781adc8f6) Importer(815301076,1909f56bfc062723c751e8b465ee728b)
Start importing Assets/Scripts/PlayerScript.cs using Guid(cdc3df65177464e44893037781adc8f6) Importer(815301076,1909f56bfc062723c751e8b465ee728b)  -> (artifact id: 'e637e3f6e8bcbc8d293a200521ce2df4') in 0.004057 seconds 
========================================================================
Received Import Request.
  Time since last request: 380.023649 seconds.
  path: Assets/Import/world 1/player/characters.png
  artifactKey: Guid(b9d7452aeefa49e40b119ea6b204fbfe) Importer(815301076,1909f56bfc062723c751e8b465ee728b)
Start importing Assets/Import/world 1/player/characters.png using Guid(b9d7452aeefa49e40b119ea6b204fbfe) Importer(815301076,1909f56bfc062723c751e8b465ee728b)  -> (artifact id: '302372ea1443fc15e5cd7e928fea584f') in 0.259999 seconds 
========================================================================
Received Import Request.
  Time since last request: 109.855874 seconds.
  path: Assets/Import/world 1
  artifactKey: Guid(5ab5cc95806f9654f8765e1e7effea33) Importer(815301076,1909f56bfc062723c751e8b465ee728b)
Start importing Assets/Import/world 1 using Guid(5ab5cc95806f9654f8765e1e7effea33) Importer(815301076,1909f56bfc062723c751e8b465ee728b)  -> (artifact id: '056a838e2f7a1273553e8462254a944f') in 0.009159 seconds 
========================================================================
Received Import Request.
  Time since last request: 151.563870 seconds.
  path: Assets/Import/world_1
  artifactKey: Guid(5ab5cc95806f9654f8765e1e7effea33) Importer(815301076,1909f56bfc062723c751e8b465ee728b)
Start importing Assets/Import/world_1 using Guid(5ab5cc95806f9654f8765e1e7effea33) Importer(815301076,1909f56bfc062723c751e8b465ee728b)  -> (artifact id: '36b9ae4a03813b7b21552d9369b70e4d') in 0.006921 seconds 
========================================================================
Received Import Request.
  Time since last request: 1.399753 seconds.
  path: Assets/Import/Wolrd 2
  artifactKey: Guid(2c3d210fb899335498fcf6be73ad2d6f) Importer(815301076,1909f56bfc062723c751e8b465ee728b)
Start importing Assets/Import/Wolrd 2 using Guid(2c3d210fb899335498fcf6be73ad2d6f) Importer(815301076,1909f56bfc062723c751e8b465ee728b)  -> (artifact id: '8e27276bb0450104e89a5387f1446c43') in 0.007346 seconds 
========================================================================
Received Import Request.
  Time since last request: 13.631503 seconds.
  path: Assets/Import/Wolrd_2
  artifactKey: Guid(2c3d210fb899335498fcf6be73ad2d6f) Importer(815301076,1909f56bfc062723c751e8b465ee728b)
Start importing Assets/Import/Wolrd_2 using Guid(2c3d210fb899335498fcf6be73ad2d6f) Importer(815301076,1909f56bfc062723c751e8b465ee728b)  -> (artifact id: 'e7a9a788adaee2fd2b43df8ead18e2e3') in 0.012115 seconds 
========================================================================
Received Import Request.
  Time since last request: 15.397599 seconds.
  path: Assets/Import/World_2
  artifactKey: Guid(2c3d210fb899335498fcf6be73ad2d6f) Importer(815301076,1909f56bfc062723c751e8b465ee728b)
Start importing Assets/Import/World_2 using Guid(2c3d210fb899335498fcf6be73ad2d6f) Importer(815301076,1909f56bfc062723c751e8b465ee728b)  -> (artifact id: '19795ab58a10ad6e9cf9bba1672522f8') in 0.007332 seconds 
========================================================================
Received Import Request.
  Time since last request: 16.972307 seconds.
  path: Assets/Import/world_1/player
  artifactKey: Guid(26210d4bc2b79104cb6dffcfc00f0ae6) Importer(815301076,1909f56bfc062723c751e8b465ee728b)
Start importing Assets/Import/world_1/player using Guid(26210d4bc2b79104cb6dffcfc00f0ae6) Importer(815301076,1909f56bfc062723c751e8b465ee728b)  -> (artifact id: '16db72a9068ac871d78411214a0b7af7') in 0.007411 seconds 
========================================================================
Received Prepare
Registering precompiled user dll's ...
Registered in 0.002926 seconds.
Begin MonoManager ReloadAssembly
Native extension for WindowsStandalone target not found
Refreshing native plugins compatible for Editor in 0.64 ms, found 1 plugins.
Preloading 0 native plugins for Editor in 0.00 ms.
Mono: successfully reloaded assembly
- Completed reload, in  1.357 seconds
Platform modules already initialized, skipping
Refreshing native plugins compatible for Editor in 0.52 ms, found 1 plugins.
Preloading 0 native plugins for Editor in 0.00 ms.
Unloading 1981 Unused Serialized files (Serialized files now loaded: 0)
System memory in use before: 98.1 MB.
System memory in use after: 98.3 MB.

Unloading 8 unused Assets to reduce memory usage. Loaded Objects now: 2520.
Total: 3.503700 ms (FindLiveObjects: 0.221000 ms CreateObjectMapping: 0.097500 ms MarkObjects: 3.151300 ms  DeleteObjects: 0.032100 ms)

========================================================================
Received Prepare
Registering precompiled user dll's ...
Registered in 0.001960 seconds.
Begin MonoManager ReloadAssembly
Native extension for WindowsStandalone target not found
Refreshing native plugins compatible for Editor in 0.61 ms, found 1 plugins.
Preloading 0 native plugins for Editor in 0.00 ms.
Mono: successfully reloaded assembly
- Completed reload, in  1.601 seconds
Platform modules already initialized, skipping
Refreshing native plugins compatible for Editor in 0.59 ms, found 1 plugins.
Preloading 0 native plugins for Editor in 0.00 ms.
Unloading 1980 Unused Serialized files (Serialized files now loaded: 0)
System memory in use before: 98.1 MB.
System memory in use after: 98.2 MB.

Unloading 8 unused Assets to reduce memory usage. Loaded Objects now: 2524.
Total: 3.369000 ms (FindLiveObjects: 0.199200 ms CreateObjectMapping: 0.099200 ms MarkObjects: 3.043300 ms  DeleteObjects: 0.025800 ms)

AssetImportWorkerClient::OnTransportError - code=2 error=End of file
