Using pre-set license
Built from '2021.1/staging' branch; Version is '2021.1.3f1 (4bef613afd59) revision 4976481'; Using compiler version '192528614'; Build Type 'Release'
OS: 'Windows 10 Home; OS build 19042.928; Version 2009; 64bit' Language: 'en' Physical Memory: 16333 MB
BatchMode: 1, IsHumanControllingUs: 0, StartBugReporterOnCrash: 0, Is64bit: 1, IsPro: 0

 COMMAND LINE ARGUMENTS:
C:\Program Files\Unity\Hub\Editor\2021.1.3f1\Editor\Unity.exe
-adb2
-batchMode
-noUpm
-name
AssetImportWorker0
-projectPath
D:/ProgramFiles/UnityProjects/tpFinal2
-logFile
Logs/AssetImportWorker0.log
-srvPort
50690
Successfully changed project path to: D:/ProgramFiles/UnityProjects/tpFinal2
D:/ProgramFiles/UnityProjects/tpFinal2
Using Asset Import Pipeline V2.
Refreshing native plugins compatible for Editor in 44.98 ms, found 1 plugins.
Preloading 0 native plugins for Editor in 0.00 ms.
Initialize engine version: 2021.1.3f1 (4bef613afd59)
[Subsystems] Discovering subsystems at path C:/Program Files/Unity/Hub/Editor/2021.1.3f1/Editor/Data/Resources/UnitySubsystems
[Subsystems] Discovering subsystems at path D:/ProgramFiles/UnityProjects/tpFinal2/Assets
GfxDevice: creating device client; threaded=0; jobified=0
Direct3D:
    Version:  Direct3D 11.0 [level 11.1]
    Renderer: NVIDIA GeForce RTX 3060 Ti (ID=0x2486)
    Vendor:   NVIDIA
    VRAM:     8050 MB
    Driver:   27.21.14.6589
Initialize mono
Mono path[0] = 'C:/Program Files/Unity/Hub/Editor/2021.1.3f1/Editor/Data/Managed'
Mono path[1] = 'C:/Program Files/Unity/Hub/Editor/2021.1.3f1/Editor/Data/MonoBleedingEdge/lib/mono/unityjit'
Mono config path = 'C:/Program Files/Unity/Hub/Editor/2021.1.3f1/Editor/Data/MonoBleedingEdge/etc'
Using monoOptions --debugger-agent=transport=dt_socket,embedding=1,server=y,suspend=n,address=127.0.0.1:56260
Begin MonoManager ReloadAssembly
Registering precompiled unity dll's ...
Register platform support module: C:/Program Files/Unity/Hub/Editor/2021.1.3f1/Editor/Data/PlaybackEngines/WindowsStandaloneSupport/UnityEditor.WindowsStandalone.Extensions.dll
Registered in 0.002822 seconds.
Native extension for WindowsStandalone target not found
Refreshing native plugins compatible for Editor in 45.36 ms, found 1 plugins.
Preloading 0 native plugins for Editor in 0.00 ms.
Mono: successfully reloaded assembly
- Completed reload, in  1.113 seconds
Platform modules already initialized, skipping
Registering precompiled user dll's ...
Registered in 0.001101 seconds.
Begin MonoManager ReloadAssembly
Native extension for WindowsStandalone target not found
Refreshing native plugins compatible for Editor in 44.46 ms, found 1 plugins.
Preloading 0 native plugins for Editor in 0.00 ms.
Mono: successfully reloaded assembly
- Completed reload, in  0.911 seconds
Platform modules already initialized, skipping
========================================================================
Worker process is ready to serve import requests
Launched and connected shader compiler UnityShaderCompiler.exe after 0.04 seconds
Refreshing native plugins compatible for Editor in 0.52 ms, found 1 plugins.
Preloading 0 native plugins for Editor in 0.00 ms.
Unloading 2000 Unused Serialized files (Serialized files now loaded: 0)
System memory in use before: 94.8 MB.
System memory in use after: 94.9 MB.

Unloading 20 unused Assets to reduce memory usage. Loaded Objects now: 2462.
Total: 2.633400 ms (FindLiveObjects: 0.303200 ms CreateObjectMapping: 0.048200 ms MarkObjects: 2.212000 ms  DeleteObjects: 0.068200 ms)

========================================================================
Received Import Request.
  path: Assets/Scenes/World2.unity
  artifactKey: Guid(d886b57aa0a313a40b8b75346ab2a629) Importer(815301076,1909f56bfc062723c751e8b465ee728b)
Start importing Assets/Scenes/World2.unity using Guid(d886b57aa0a313a40b8b75346ab2a629) Importer(815301076,1909f56bfc062723c751e8b465ee728b)  -> (artifact id: 'fc8fc5611ad50d47f2670acfc74ac5e4') in 0.017303 seconds 
========================================================================
Received Prepare
Refreshing native plugins compatible for Editor in 1.59 ms, found 1 plugins.
Preloading 0 native plugins for Editor in 0.00 ms.
Unloading 7 Unused Serialized files (Serialized files now loaded: 0)
System memory in use before: 53.5 MB.
System memory in use after: 53.6 MB.

Unloading 6 unused Assets to reduce memory usage. Loaded Objects now: 2462.
Total: 5.759000 ms (FindLiveObjects: 0.473600 ms CreateObjectMapping: 0.134700 ms MarkObjects: 5.111900 ms  DeleteObjects: 0.036300 ms)

========================================================================
Received Import Request.
  Time since last request: 323.751740 seconds.
  path: Assets/Import/Wolrd 2
  artifactKey: Guid(2c3d210fb899335498fcf6be73ad2d6f) Importer(815301076,1909f56bfc062723c751e8b465ee728b)
Start importing Assets/Import/Wolrd 2 using Guid(2c3d210fb899335498fcf6be73ad2d6f) Importer(815301076,1909f56bfc062723c751e8b465ee728b)  -> (artifact id: '61c3463996bd05739c9554af03c4e1e6') in 0.008937 seconds 
========================================================================
Received Import Request.
  Time since last request: 6.371020 seconds.
  path: Assets/Import/Wolrd 2/sheet.png
  artifactKey: Guid(5a9142ed6fb457d4ca5ee29cd8d74fcd) Importer(815301076,1909f56bfc062723c751e8b465ee728b)
Start importing Assets/Import/Wolrd 2/sheet.png using Guid(5a9142ed6fb457d4ca5ee29cd8d74fcd) Importer(815301076,1909f56bfc062723c751e8b465ee728b)  -> (artifact id: '122569ab338052b298fbc52a739a06c7') in 0.105493 seconds 
========================================================================
Received Import Request.
  Time since last request: 10.554496 seconds.
  path: Assets/Import/Wolrd 2/sheet.png
  artifactKey: Guid(5a9142ed6fb457d4ca5ee29cd8d74fcd) Importer(815301076,1909f56bfc062723c751e8b465ee728b)
Start importing Assets/Import/Wolrd 2/sheet.png using Guid(5a9142ed6fb457d4ca5ee29cd8d74fcd) Importer(815301076,1909f56bfc062723c751e8b465ee728b)  -> (artifact id: '293e73338b9040e054bd0875ab69eb69') in 0.017181 seconds 
========================================================================
Received Import Request.
  Time since last request: 22.545125 seconds.
  path: Assets/Import/Wolrd 2/sheet.png
  artifactKey: Guid(5a9142ed6fb457d4ca5ee29cd8d74fcd) Importer(815301076,1909f56bfc062723c751e8b465ee728b)
Start importing Assets/Import/Wolrd 2/sheet.png using Guid(5a9142ed6fb457d4ca5ee29cd8d74fcd) Importer(815301076,1909f56bfc062723c751e8b465ee728b)  -> (artifact id: '840c6606b1d8b997f46966e65b39a121') in 0.222687 seconds 
========================================================================
Received Import Request.
  Time since last request: 142.576695 seconds.
  path: Assets/Import/Wolrd 2/sheet.png
  artifactKey: Guid(5a9142ed6fb457d4ca5ee29cd8d74fcd) Importer(815301076,1909f56bfc062723c751e8b465ee728b)
Start importing Assets/Import/Wolrd 2/sheet.png using Guid(5a9142ed6fb457d4ca5ee29cd8d74fcd) Importer(815301076,1909f56bfc062723c751e8b465ee728b)  -> (artifact id: '47a73427bc924aaa9bf8d4e8187cb8b2') in 0.194291 seconds 
========================================================================
Received Import Request.
  Time since last request: 93.257601 seconds.
  path: Assets/Import/Wolrd 2/sheet.png
  artifactKey: Guid(5a9142ed6fb457d4ca5ee29cd8d74fcd) Importer(815301076,1909f56bfc062723c751e8b465ee728b)
Start importing Assets/Import/Wolrd 2/sheet.png using Guid(5a9142ed6fb457d4ca5ee29cd8d74fcd) Importer(815301076,1909f56bfc062723c751e8b465ee728b)  -> (artifact id: '656f15d0c1bf827c6c257095620dc083') in 0.010262 seconds 
========================================================================
Received Import Request.
  Time since last request: 21.783965 seconds.
  path: Assets/Import/Wolrd 2/sheet.png
  artifactKey: Guid(5a9142ed6fb457d4ca5ee29cd8d74fcd) Importer(815301076,1909f56bfc062723c751e8b465ee728b)
Start importing Assets/Import/Wolrd 2/sheet.png using Guid(5a9142ed6fb457d4ca5ee29cd8d74fcd) Importer(815301076,1909f56bfc062723c751e8b465ee728b)  -> (artifact id: 'b2faef53827b220764288b57799b16e2') in 0.005153 seconds 
========================================================================
Received Import Request.
  Time since last request: 21.445325 seconds.
  path: Assets/Import/Wolrd 2/sheet.png
  artifactKey: Guid(5a9142ed6fb457d4ca5ee29cd8d74fcd) Importer(815301076,1909f56bfc062723c751e8b465ee728b)
Start importing Assets/Import/Wolrd 2/sheet.png using Guid(5a9142ed6fb457d4ca5ee29cd8d74fcd) Importer(815301076,1909f56bfc062723c751e8b465ee728b)  -> (artifact id: 'a31bbed1929d3988e7a6f735b351fe04') in 0.332287 seconds 
========================================================================
Received Prepare
Registering precompiled user dll's ...
Registered in 0.001192 seconds.
Begin MonoManager ReloadAssembly
Native extension for WindowsStandalone target not found
Refreshing native plugins compatible for Editor in 0.47 ms, found 1 plugins.
Preloading 0 native plugins for Editor in 0.00 ms.
Mono: successfully reloaded assembly
- Completed reload, in  0.749 seconds
Platform modules already initialized, skipping
Refreshing native plugins compatible for Editor in 0.51 ms, found 1 plugins.
Preloading 0 native plugins for Editor in 0.00 ms.
Unloading 1977 Unused Serialized files (Serialized files now loaded: 0)
System memory in use before: 99.4 MB.
System memory in use after: 99.5 MB.

Unloading 9 unused Assets to reduce memory usage. Loaded Objects now: 2572.
Total: 2.096900 ms (FindLiveObjects: 0.247500 ms CreateObjectMapping: 0.041500 ms MarkObjects: 1.789300 ms  DeleteObjects: 0.017000 ms)

========================================================================
Received Prepare
Registering precompiled user dll's ...
Registered in 0.000944 seconds.
Begin MonoManager ReloadAssembly
Native extension for WindowsStandalone target not found
Refreshing native plugins compatible for Editor in 0.75 ms, found 1 plugins.
Preloading 0 native plugins for Editor in 0.00 ms.
Mono: successfully reloaded assembly
- Completed reload, in  0.713 seconds
Platform modules already initialized, skipping
Refreshing native plugins compatible for Editor in 0.48 ms, found 1 plugins.
Preloading 0 native plugins for Editor in 0.00 ms.
Unloading 1976 Unused Serialized files (Serialized files now loaded: 0)
System memory in use before: 99.4 MB.
System memory in use after: 99.5 MB.

Unloading 9 unused Assets to reduce memory usage. Loaded Objects now: 2575.
Total: 2.056000 ms (FindLiveObjects: 0.227500 ms CreateObjectMapping: 0.046700 ms MarkObjects: 1.768600 ms  DeleteObjects: 0.012300 ms)

========================================================================
Received Prepare
Registering precompiled user dll's ...
Registered in 0.001092 seconds.
Begin MonoManager ReloadAssembly
Native extension for WindowsStandalone target not found
Refreshing native plugins compatible for Editor in 0.55 ms, found 1 plugins.
Preloading 0 native plugins for Editor in 0.00 ms.
Mono: successfully reloaded assembly
- Completed reload, in  0.752 seconds
Platform modules already initialized, skipping
Refreshing native plugins compatible for Editor in 0.49 ms, found 1 plugins.
Preloading 0 native plugins for Editor in 0.00 ms.
Unloading 1976 Unused Serialized files (Serialized files now loaded: 0)
System memory in use before: 99.4 MB.
System memory in use after: 99.5 MB.

Unloading 9 unused Assets to reduce memory usage. Loaded Objects now: 2578.
Total: 2.221100 ms (FindLiveObjects: 0.261300 ms CreateObjectMapping: 0.050200 ms MarkObjects: 1.895400 ms  DeleteObjects: 0.013300 ms)

========================================================================
Received Prepare
Registering precompiled user dll's ...
Registered in 0.001173 seconds.
Begin MonoManager ReloadAssembly
Native extension for WindowsStandalone target not found
Refreshing native plugins compatible for Editor in 0.49 ms, found 1 plugins.
Preloading 0 native plugins for Editor in 0.00 ms.
Mono: successfully reloaded assembly
- Completed reload, in  0.796 seconds
Platform modules already initialized, skipping
Refreshing native plugins compatible for Editor in 0.52 ms, found 1 plugins.
Preloading 0 native plugins for Editor in 0.00 ms.
Unloading 1976 Unused Serialized files (Serialized files now loaded: 0)
System memory in use before: 99.5 MB.
System memory in use after: 99.6 MB.

Unloading 9 unused Assets to reduce memory usage. Loaded Objects now: 2581.
Total: 2.370200 ms (FindLiveObjects: 0.325100 ms CreateObjectMapping: 0.065300 ms MarkObjects: 1.964900 ms  DeleteObjects: 0.014000 ms)

========================================================================
Received Import Request.
  Time since last request: 534.686479 seconds.
  path: Assets/Prefabs/Player.prefab
  artifactKey: Guid(d97afea674130434ea62f2c6e0f8c812) Importer(815301076,1909f56bfc062723c751e8b465ee728b)
Start importing Assets/Prefabs/Player.prefab using Guid(d97afea674130434ea62f2c6e0f8c812) Importer(815301076,1909f56bfc062723c751e8b465ee728b)  -> (artifact id: '6d6049ee746c836d9e732a6bb8bf7a3c') in 0.049668 seconds 
========================================================================
Received Prepare
Registering precompiled user dll's ...
Registered in 0.000968 seconds.
Begin MonoManager ReloadAssembly
Native extension for WindowsStandalone target not found
Refreshing native plugins compatible for Editor in 0.54 ms, found 1 plugins.
Preloading 0 native plugins for Editor in 0.00 ms.
Mono: successfully reloaded assembly
- Completed reload, in  0.701 seconds
Platform modules already initialized, skipping
Refreshing native plugins compatible for Editor in 0.49 ms, found 1 plugins.
Preloading 0 native plugins for Editor in 0.00 ms.
Unloading 1976 Unused Serialized files (Serialized files now loaded: 0)
System memory in use before: 99.5 MB.
System memory in use after: 99.6 MB.

Unloading 9 unused Assets to reduce memory usage. Loaded Objects now: 2589.
Total: 2.193900 ms (FindLiveObjects: 0.198200 ms CreateObjectMapping: 0.050100 ms MarkObjects: 1.932900 ms  DeleteObjects: 0.011700 ms)

========================================================================
Received Prepare
Registering precompiled user dll's ...
Registered in 0.001423 seconds.
Begin MonoManager ReloadAssembly
Native extension for WindowsStandalone target not found
Refreshing native plugins compatible for Editor in 0.49 ms, found 1 plugins.
Preloading 0 native plugins for Editor in 0.00 ms.
Mono: successfully reloaded assembly
- Completed reload, in  0.732 seconds
Platform modules already initialized, skipping
Refreshing native plugins compatible for Editor in 0.50 ms, found 1 plugins.
Preloading 0 native plugins for Editor in 0.00 ms.
Unloading 1976 Unused Serialized files (Serialized files now loaded: 0)
System memory in use before: 99.5 MB.
System memory in use after: 99.6 MB.

Unloading 9 unused Assets to reduce memory usage. Loaded Objects now: 2592.
Total: 2.170600 ms (FindLiveObjects: 0.323900 ms CreateObjectMapping: 0.045600 ms MarkObjects: 1.786800 ms  DeleteObjects: 0.013400 ms)

========================================================================
Received Prepare
Registering precompiled user dll's ...
Registered in 0.000989 seconds.
Begin MonoManager ReloadAssembly
Native extension for WindowsStandalone target not found
Refreshing native plugins compatible for Editor in 0.50 ms, found 1 plugins.
Preloading 0 native plugins for Editor in 0.00 ms.
Mono: successfully reloaded assembly
- Completed reload, in  0.707 seconds
Platform modules already initialized, skipping
Refreshing native plugins compatible for Editor in 0.48 ms, found 1 plugins.
Preloading 0 native plugins for Editor in 0.00 ms.
Unloading 1976 Unused Serialized files (Serialized files now loaded: 0)
System memory in use before: 99.5 MB.
System memory in use after: 99.6 MB.

Unloading 9 unused Assets to reduce memory usage. Loaded Objects now: 2595.
Total: 2.297100 ms (FindLiveObjects: 0.270200 ms CreateObjectMapping: 0.051400 ms MarkObjects: 1.960400 ms  DeleteObjects: 0.014300 ms)

========================================================================
Received Prepare
Registering precompiled user dll's ...
Registered in 0.001565 seconds.
Begin MonoManager ReloadAssembly
Native extension for WindowsStandalone target not found
Refreshing native plugins compatible for Editor in 0.52 ms, found 1 plugins.
Preloading 0 native plugins for Editor in 0.00 ms.
Mono: successfully reloaded assembly
- Completed reload, in  0.792 seconds
Platform modules already initialized, skipping
Refreshing native plugins compatible for Editor in 0.58 ms, found 1 plugins.
Preloading 0 native plugins for Editor in 0.00 ms.
Unloading 1976 Unused Serialized files (Serialized files now loaded: 0)
System memory in use before: 99.5 MB.
System memory in use after: 99.6 MB.

Unloading 9 unused Assets to reduce memory usage. Loaded Objects now: 2598.
Total: 2.200200 ms (FindLiveObjects: 0.229600 ms CreateObjectMapping: 0.044600 ms MarkObjects: 1.911700 ms  DeleteObjects: 0.013400 ms)

========================================================================
Received Import Request.
  Time since last request: 280.495834 seconds.
  path: Assets/Prefabs/MenuButton.prefab
  artifactKey: Guid(65be9169a5580c4419661f6b2d8cf786) Importer(815301076,1909f56bfc062723c751e8b465ee728b)
Start importing Assets/Prefabs/MenuButton.prefab using Guid(65be9169a5580c4419661f6b2d8cf786) Importer(815301076,1909f56bfc062723c751e8b465ee728b)  -> (artifact id: '6641222d727e021796b1b09b8d6e4097') in 0.031961 seconds 
========================================================================
Received Import Request.
  Time since last request: 364.617452 seconds.
  path: Assets/Scripts/PlayerScript.cs
  artifactKey: Guid(cdc3df65177464e44893037781adc8f6) Importer(815301076,1909f56bfc062723c751e8b465ee728b)
Start importing Assets/Scripts/PlayerScript.cs using Guid(cdc3df65177464e44893037781adc8f6) Importer(815301076,1909f56bfc062723c751e8b465ee728b)  -> (artifact id: 'd2d76401904f75a1d91c2be39f92bf27') in 0.008271 seconds 
========================================================================
Received Import Request.
  Time since last request: 61.936694 seconds.
  path: Assets/Scripts/PlayerScript.cs
  artifactKey: Guid(cdc3df65177464e44893037781adc8f6) Importer(815301076,1909f56bfc062723c751e8b465ee728b)
Start importing Assets/Scripts/PlayerScript.cs using Guid(cdc3df65177464e44893037781adc8f6) Importer(815301076,1909f56bfc062723c751e8b465ee728b)  -> (artifact id: '910e009092fdf9ab3a4cd9cdc965f43e') in 0.002209 seconds 
========================================================================
Received Prepare
Registering precompiled user dll's ...
Registered in 0.000889 seconds.
Begin MonoManager ReloadAssembly
Native extension for WindowsStandalone target not found
Refreshing native plugins compatible for Editor in 0.57 ms, found 1 plugins.
Preloading 0 native plugins for Editor in 0.00 ms.
Mono: successfully reloaded assembly
- Completed reload, in  0.767 seconds
Platform modules already initialized, skipping
Refreshing native plugins compatible for Editor in 0.54 ms, found 1 plugins.
Preloading 0 native plugins for Editor in 0.00 ms.
Unloading 1976 Unused Serialized files (Serialized files now loaded: 0)
System memory in use before: 99.6 MB.
System memory in use after: 99.7 MB.

Unloading 10 unused Assets to reduce memory usage. Loaded Objects now: 2603.
Total: 2.404400 ms (FindLiveObjects: 0.231400 ms CreateObjectMapping: 0.044000 ms MarkObjects: 2.105100 ms  DeleteObjects: 0.022300 ms)

========================================================================
Received Prepare
Registering precompiled user dll's ...
Registered in 0.001035 seconds.
Begin MonoManager ReloadAssembly
Native extension for WindowsStandalone target not found
Refreshing native plugins compatible for Editor in 1.08 ms, found 1 plugins.
Preloading 0 native plugins for Editor in 0.00 ms.
Mono: successfully reloaded assembly
- Completed reload, in  0.883 seconds
Platform modules already initialized, skipping
Refreshing native plugins compatible for Editor in 0.83 ms, found 1 plugins.
Preloading 0 native plugins for Editor in 0.00 ms.
Unloading 1976 Unused Serialized files (Serialized files now loaded: 0)
System memory in use before: 99.6 MB.
System memory in use after: 99.7 MB.

Unloading 9 unused Assets to reduce memory usage. Loaded Objects now: 2606.
Total: 4.026400 ms (FindLiveObjects: 0.433700 ms CreateObjectMapping: 0.061900 ms MarkObjects: 3.506700 ms  DeleteObjects: 0.022300 ms)

========================================================================
Received Prepare
Registering precompiled user dll's ...
Registered in 0.000949 seconds.
Begin MonoManager ReloadAssembly
Native extension for WindowsStandalone target not found
Refreshing native plugins compatible for Editor in 0.51 ms, found 1 plugins.
Preloading 0 native plugins for Editor in 0.00 ms.
Mono: successfully reloaded assembly
- Completed reload, in  0.713 seconds
Platform modules already initialized, skipping
Refreshing native plugins compatible for Editor in 0.48 ms, found 1 plugins.
Preloading 0 native plugins for Editor in 0.00 ms.
Unloading 1976 Unused Serialized files (Serialized files now loaded: 0)
System memory in use before: 99.6 MB.
System memory in use after: 99.7 MB.

Unloading 9 unused Assets to reduce memory usage. Loaded Objects now: 2609.
Total: 2.017600 ms (FindLiveObjects: 0.219400 ms CreateObjectMapping: 0.045900 ms MarkObjects: 1.739300 ms  DeleteObjects: 0.012000 ms)

========================================================================
Received Prepare
Registering precompiled user dll's ...
Registered in 0.000951 seconds.
Begin MonoManager ReloadAssembly
Native extension for WindowsStandalone target not found
Refreshing native plugins compatible for Editor in 0.53 ms, found 1 plugins.
Preloading 0 native plugins for Editor in 0.00 ms.
Mono: successfully reloaded assembly
- Completed reload, in  0.705 seconds
Platform modules already initialized, skipping
Refreshing native plugins compatible for Editor in 0.54 ms, found 1 plugins.
Preloading 0 native plugins for Editor in 0.00 ms.
Unloading 1976 Unused Serialized files (Serialized files now loaded: 0)
System memory in use before: 99.6 MB.
System memory in use after: 99.8 MB.

Unloading 9 unused Assets to reduce memory usage. Loaded Objects now: 2612.
Total: 2.407300 ms (FindLiveObjects: 0.272200 ms CreateObjectMapping: 0.049000 ms MarkObjects: 2.068900 ms  DeleteObjects: 0.015800 ms)

========================================================================
Received Prepare
Registering precompiled user dll's ...
Registered in 0.001147 seconds.
Begin MonoManager ReloadAssembly
Native extension for WindowsStandalone target not found
Refreshing native plugins compatible for Editor in 0.48 ms, found 1 plugins.
Preloading 0 native plugins for Editor in 0.00 ms.
Mono: successfully reloaded assembly
- Completed reload, in  0.715 seconds
Platform modules already initialized, skipping
Refreshing native plugins compatible for Editor in 0.51 ms, found 1 plugins.
Preloading 0 native plugins for Editor in 0.00 ms.
Unloading 1976 Unused Serialized files (Serialized files now loaded: 0)
System memory in use before: 99.7 MB.
System memory in use after: 99.8 MB.

Unloading 9 unused Assets to reduce memory usage. Loaded Objects now: 2615.
Total: 2.393400 ms (FindLiveObjects: 0.230300 ms CreateObjectMapping: 0.041700 ms MarkObjects: 2.103400 ms  DeleteObjects: 0.016400 ms)

========================================================================
Received Prepare
Registering precompiled user dll's ...
Registered in 0.001145 seconds.
Begin MonoManager ReloadAssembly
Native extension for WindowsStandalone target not found
Refreshing native plugins compatible for Editor in 0.48 ms, found 1 plugins.
Preloading 0 native plugins for Editor in 0.00 ms.
Mono: successfully reloaded assembly
- Completed reload, in  0.720 seconds
Platform modules already initialized, skipping
Refreshing native plugins compatible for Editor in 0.53 ms, found 1 plugins.
Preloading 0 native plugins for Editor in 0.00 ms.
Unloading 1976 Unused Serialized files (Serialized files now loaded: 0)
System memory in use before: 99.7 MB.
System memory in use after: 99.8 MB.

Unloading 9 unused Assets to reduce memory usage. Loaded Objects now: 2618.
Total: 2.045900 ms (FindLiveObjects: 0.220100 ms CreateObjectMapping: 0.046100 ms MarkObjects: 1.766300 ms  DeleteObjects: 0.012600 ms)

========================================================================
Received Prepare
Registering precompiled user dll's ...
Registered in 0.001370 seconds.
Begin MonoManager ReloadAssembly
Native extension for WindowsStandalone target not found
Refreshing native plugins compatible for Editor in 0.79 ms, found 1 plugins.
Preloading 0 native plugins for Editor in 0.00 ms.
Mono: successfully reloaded assembly
- Completed reload, in  0.708 seconds
Platform modules already initialized, skipping
Refreshing native plugins compatible for Editor in 0.50 ms, found 1 plugins.
Preloading 0 native plugins for Editor in 0.00 ms.
Unloading 1976 Unused Serialized files (Serialized files now loaded: 0)
System memory in use before: 99.7 MB.
System memory in use after: 99.8 MB.

Unloading 9 unused Assets to reduce memory usage. Loaded Objects now: 2621.
Total: 2.190100 ms (FindLiveObjects: 0.196800 ms CreateObjectMapping: 0.045700 ms MarkObjects: 1.934800 ms  DeleteObjects: 0.012000 ms)

========================================================================
Received Prepare
Registering precompiled user dll's ...
Registered in 0.001167 seconds.
Begin MonoManager ReloadAssembly
Native extension for WindowsStandalone target not found
Refreshing native plugins compatible for Editor in 0.52 ms, found 1 plugins.
Preloading 0 native plugins for Editor in 0.00 ms.
Mono: successfully reloaded assembly
- Completed reload, in  0.710 seconds
Platform modules already initialized, skipping
Refreshing native plugins compatible for Editor in 0.48 ms, found 1 plugins.
Preloading 0 native plugins for Editor in 0.00 ms.
Unloading 1976 Unused Serialized files (Serialized files now loaded: 0)
System memory in use before: 99.7 MB.
System memory in use after: 99.8 MB.

Unloading 9 unused Assets to reduce memory usage. Loaded Objects now: 2624.
Total: 3.434200 ms (FindLiveObjects: 0.433700 ms CreateObjectMapping: 0.061500 ms MarkObjects: 2.921000 ms  DeleteObjects: 0.016600 ms)

========================================================================
Received Prepare
Registering precompiled user dll's ...
Registered in 0.000947 seconds.
Begin MonoManager ReloadAssembly
Native extension for WindowsStandalone target not found
Refreshing native plugins compatible for Editor in 0.81 ms, found 1 plugins.
Preloading 0 native plugins for Editor in 0.00 ms.
Mono: successfully reloaded assembly
- Completed reload, in  0.736 seconds
Platform modules already initialized, skipping
Refreshing native plugins compatible for Editor in 0.48 ms, found 1 plugins.
Preloading 0 native plugins for Editor in 0.00 ms.
Unloading 1976 Unused Serialized files (Serialized files now loaded: 0)
System memory in use before: 99.7 MB.
System memory in use after: 99.8 MB.

Unloading 9 unused Assets to reduce memory usage. Loaded Objects now: 2627.
Total: 2.330800 ms (FindLiveObjects: 0.234700 ms CreateObjectMapping: 0.046500 ms MarkObjects: 2.031800 ms  DeleteObjects: 0.017100 ms)

========================================================================
Received Prepare
Registering precompiled user dll's ...
Registered in 0.000937 seconds.
Begin MonoManager ReloadAssembly
Native extension for WindowsStandalone target not found
Refreshing native plugins compatible for Editor in 0.75 ms, found 1 plugins.
Preloading 0 native plugins for Editor in 0.00 ms.
Mono: successfully reloaded assembly
- Completed reload, in  0.724 seconds
Platform modules already initialized, skipping
Refreshing native plugins compatible for Editor in 0.51 ms, found 1 plugins.
Preloading 0 native plugins for Editor in 0.00 ms.
Unloading 1976 Unused Serialized files (Serialized files now loaded: 0)
System memory in use before: 99.7 MB.
System memory in use after: 99.9 MB.

Unloading 9 unused Assets to reduce memory usage. Loaded Objects now: 2630.
Total: 2.239700 ms (FindLiveObjects: 0.214600 ms CreateObjectMapping: 0.048000 ms MarkObjects: 1.963300 ms  DeleteObjects: 0.012700 ms)

========================================================================
Received Prepare
Registering precompiled user dll's ...
Registered in 0.001022 seconds.
Begin MonoManager ReloadAssembly
Native extension for WindowsStandalone target not found
Refreshing native plugins compatible for Editor in 0.56 ms, found 1 plugins.
Preloading 0 native plugins for Editor in 0.00 ms.
Mono: successfully reloaded assembly
- Completed reload, in  0.797 seconds
Platform modules already initialized, skipping
Refreshing native plugins compatible for Editor in 0.62 ms, found 1 plugins.
Preloading 0 native plugins for Editor in 0.00 ms.
Unloading 1976 Unused Serialized files (Serialized files now loaded: 0)
System memory in use before: 99.8 MB.
System memory in use after: 100.0 MB.

Unloading 9 unused Assets to reduce memory usage. Loaded Objects now: 2633.
Total: 2.419600 ms (FindLiveObjects: 0.251000 ms CreateObjectMapping: 0.041800 ms MarkObjects: 2.108500 ms  DeleteObjects: 0.017000 ms)

========================================================================
Received Import Request.
  Time since last request: 239.633762 seconds.
  path: Assets/Scenes/World1.unity
  artifactKey: Guid(2cda990e2423bbf4892e6590ba056729) Importer(815301076,1909f56bfc062723c751e8b465ee728b)
Start importing Assets/Scenes/World1.unity using Guid(2cda990e2423bbf4892e6590ba056729) Importer(815301076,1909f56bfc062723c751e8b465ee728b)  -> (artifact id: '6e3618eee7e2f31bc4c7540b1a8fa3f8') in 0.015901 seconds 
========================================================================
Received Import Request.
  Time since last request: 6.407762 seconds.
  path: Assets/Scenes/World2.unity
  artifactKey: Guid(d886b57aa0a313a40b8b75346ab2a629) Importer(815301076,1909f56bfc062723c751e8b465ee728b)
Start importing Assets/Scenes/World2.unity using Guid(d886b57aa0a313a40b8b75346ab2a629) Importer(815301076,1909f56bfc062723c751e8b465ee728b)  -> (artifact id: '0bd64b8a482ebdc320356e1da94293b7') in 0.006848 seconds 
========================================================================
Received Prepare
Registering precompiled user dll's ...
Registered in 0.001024 seconds.
Begin MonoManager ReloadAssembly
Native extension for WindowsStandalone target not found
Refreshing native plugins compatible for Editor in 0.54 ms, found 1 plugins.
Preloading 0 native plugins for Editor in 0.00 ms.
Mono: successfully reloaded assembly
- Completed reload, in  0.740 seconds
Platform modules already initialized, skipping
Refreshing native plugins compatible for Editor in 0.49 ms, found 1 plugins.
Preloading 0 native plugins for Editor in 0.00 ms.
Unloading 1976 Unused Serialized files (Serialized files now loaded: 0)
System memory in use before: 99.9 MB.
System memory in use after: 100.0 MB.

Unloading 9 unused Assets to reduce memory usage. Loaded Objects now: 2636.
Total: 2.387900 ms (FindLiveObjects: 0.251800 ms CreateObjectMapping: 0.045200 ms MarkObjects: 2.073300 ms  DeleteObjects: 0.016000 ms)

========================================================================
Received Prepare
Registering precompiled user dll's ...
Registered in 0.000971 seconds.
Begin MonoManager ReloadAssembly
Native extension for WindowsStandalone target not found
Refreshing native plugins compatible for Editor in 0.52 ms, found 1 plugins.
Preloading 0 native plugins for Editor in 0.00 ms.
Mono: successfully reloaded assembly
- Completed reload, in  0.709 seconds
Platform modules already initialized, skipping
Refreshing native plugins compatible for Editor in 0.49 ms, found 1 plugins.
Preloading 0 native plugins for Editor in 0.00 ms.
Unloading 1976 Unused Serialized files (Serialized files now loaded: 0)
System memory in use before: 99.9 MB.
System memory in use after: 100.0 MB.

Unloading 9 unused Assets to reduce memory usage. Loaded Objects now: 2639.
Total: 2.176500 ms (FindLiveObjects: 0.349700 ms CreateObjectMapping: 0.046200 ms MarkObjects: 1.764400 ms  DeleteObjects: 0.015200 ms)

========================================================================
Received Prepare
Registering precompiled user dll's ...
Registered in 0.001091 seconds.
Begin MonoManager ReloadAssembly
Native extension for WindowsStandalone target not found
Refreshing native plugins compatible for Editor in 0.86 ms, found 1 plugins.
Preloading 0 native plugins for Editor in 0.00 ms.
Mono: successfully reloaded assembly
- Completed reload, in  0.777 seconds
Platform modules already initialized, skipping
Refreshing native plugins compatible for Editor in 0.59 ms, found 1 plugins.
Preloading 0 native plugins for Editor in 0.00 ms.
Unloading 1976 Unused Serialized files (Serialized files now loaded: 0)
System memory in use before: 99.9 MB.
System memory in use after: 100.0 MB.

Unloading 9 unused Assets to reduce memory usage. Loaded Objects now: 2642.
Total: 2.744400 ms (FindLiveObjects: 0.353700 ms CreateObjectMapping: 0.058500 ms MarkObjects: 2.316200 ms  DeleteObjects: 0.015200 ms)

========================================================================
Received Prepare
Registering precompiled user dll's ...
Registered in 0.000760 seconds.
Begin MonoManager ReloadAssembly
Native extension for WindowsStandalone target not found
Refreshing native plugins compatible for Editor in 0.47 ms, found 1 plugins.
Preloading 0 native plugins for Editor in 0.00 ms.
Mono: successfully reloaded assembly
- Completed reload, in  0.684 seconds
Platform modules already initialized, skipping
Refreshing native plugins compatible for Editor in 0.46 ms, found 1 plugins.
Preloading 0 native plugins for Editor in 0.00 ms.
Unloading 1976 Unused Serialized files (Serialized files now loaded: 0)
System memory in use before: 99.9 MB.
System memory in use after: 100.0 MB.

Unloading 9 unused Assets to reduce memory usage. Loaded Objects now: 2645.
Total: 2.256900 ms (FindLiveObjects: 0.230700 ms CreateObjectMapping: 0.045900 ms MarkObjects: 1.963900 ms  DeleteObjects: 0.015400 ms)

AssetImportWorkerClient::OnTransportError - code=2 error=End of file
